  GeometricUtility.cpp
  Scene_LoadingScene.cpp
  Scene_ShootingBullet.cpp
c:\users\sga\desktop\05\win32api\win32api\win32_api\scene_shootingbullet.cpp(23): warning C4244: '인수': 'float'에서 'int'(으)로 변환하면서 데이터가 손실될 수 있습니다.
c:\users\sga\desktop\05\win32api\win32api\win32_api\scene_shootingbullet.cpp(40): warning C4477: 'sprintf' : 서식 문자열 '%d'에 'int' 형식의 인수가 필요하지만 variadic 인수 1의 형식이 'unsigned __int64'입니다.
  c:\users\sga\desktop\05\win32api\win32api\win32_api\scene_shootingbullet.cpp(40): note: 서식 문자열에서 '%zd'을(를) 사용하는 것이 좋습니다.
c:\users\sga\desktop\05\win32api\win32api\win32_api\scene_shootingbullet.cpp(41): warning C4267: '인수': 'size_t'에서 'int'(으)로 변환하면서 데이터가 손실될 수 있습니다.
c:\users\sga\desktop\05\win32api\win32api\win32_api\scene_shootingbullet.cpp(40): warning C4996: 'sprintf': This function or variable may be unsafe. Consider using sprintf_s instead. To disable deprecation, use _CRT_SECURE_NO_WARNINGS. See online help for details.
  c:\program files (x86)\windows kits\10\include\10.0.17763.0\ucrt\stdio.h(1774): note: 'sprintf' 선언을 참조하십시오.
c:\users\sga\desktop\05\win32api\win32api\win32_api\scene_shootingbullet.cpp(58): warning C4244: '인수': 'float'에서 'int'(으)로 변환하면서 데이터가 손실될 수 있습니다.
  Scene_alphaRender.cpp
c:\users\sga\desktop\05\win32api\win32api\win32_api\scene_alpharender.cpp(36): warning C4010: 한 줄로 된 주석에 줄 연속 문자가 있습니다.
c:\users\sga\desktop\05\win32api\win32api\win32_api\scene_alpharender.cpp(41): warning C4244: '인수': 'float'에서 'BYTE'(으)로 변환하면서 데이터가 손실될 수 있습니다.
  Scene_animation.cpp
  Scene_galaga.cpp
  Scene_loopRender.cpp
  Scene_shop.cpp
  TestProj.cpp
  birdScene.cpp
c:\users\sga\desktop\05\win32api\win32api\win32_api\birdscene.cpp(139): warning C4267: '인수': 'size_t'에서 'int'(으)로 변환하면서 데이터가 손실될 수 있습니다.
c:\users\sga\desktop\05\win32api\win32api\win32_api\birdscene.cpp(143): warning C4267: '인수': 'size_t'에서 'int'(으)로 변환하면서 데이터가 손실될 수 있습니다.
  cameraManager.cpp
  flappyBird.cpp
c:\users\sga\desktop\05\win32api\win32api\win32_api\flappybird.cpp(17): warning C4244: '인수': 'float'에서 'int'(으)로 변환하면서 데이터가 손실될 수 있습니다.
c:\users\sga\desktop\05\win32api\win32api\win32_api\flappybird.cpp(53): warning C4244: '인수': 'float'에서 'int'(으)로 변환하면서 데이터가 손실될 수 있습니다.
  gameNode.cpp
  image.cpp
c:\users\sga\desktop\05\win32api\win32api\win32_api\image.cpp(114): warning C4267: '초기화 중': 'size_t'에서 'int'(으)로 변환하면서 데이터가 손실될 수 있습니다.
c:\users\sga\desktop\05\win32api\win32api\win32_api\image.cpp(156): warning C4267: '초기화 중': 'size_t'에서 'int'(으)로 변환하면서 데이터가 손실될 수 있습니다.
c:\users\sga\desktop\05\win32api\win32api\win32_api\image.cpp(204): warning C4267: '초기화 중': 'size_t'에서 'int'(으)로 변환하면서 데이터가 손실될 수 있습니다.
c:\users\sga\desktop\05\win32api\win32api\win32_api\image.cpp(254): warning C4267: '초기화 중': 'size_t'에서 'int'(으)로 변환하면서 데이터가 손실될 수 있습니다.
  imageManager.cpp
  item.cpp
  keyManager.cpp
  loding.cpp
c:\users\sga\desktop\05\win32api\win32api\win32_api\loding.cpp(72): warning C4244: '인수': 'float'에서 'int'(으)로 변환하면서 데이터가 손실될 수 있습니다.
c:\users\sga\desktop\05\win32api\win32api\win32_api\loding.cpp(102): warning C4244: '인수': 'int'에서 'float'(으)로 변환하면서 데이터가 손실될 수 있습니다.
c:\users\sga\desktop\05\win32api\win32api\win32_api\loding.cpp(111): warning C4244: '인수': 'int'에서 'float'(으)로 변환하면서 데이터가 손실될 수 있습니다.
c:\users\sga\desktop\05\win32api\win32api\win32_api\loding.cpp(125): warning C4244: '인수': 'unsigned __int64'에서 'float'(으)로 변환하면서 데이터가 손실될 수 있습니다.
c:\users\sga\desktop\05\win32api\win32api\win32_api\loding.cpp(125): warning C4244: '인수': 'int'에서 'float'(으)로 변환하면서 데이터가 손실될 수 있습니다.
c:\users\sga\desktop\05\win32api\win32api\win32_api\loding.cpp(165): warning C4244: '=': 'float'에서 'int'(으)로 변환하면서 데이터가 손실될 수 있습니다.
c:\users\sga\desktop\05\win32api\win32api\win32_api\loding.cpp(166): warning C4244: '=': 'float'에서 'int'(으)로 변환하면서 데이터가 손실될 수 있습니다.
  main.cpp
c:\users\sga\desktop\05\win32api\win32api\win32_api\main.cpp(177): warning C4244: 'return': 'WPARAM'에서 'int'(으)로 변환하면서 데이터가 손실될 수 있습니다.
  mainGame.cpp
  코드를 생성하고 있습니다...
c:\users\sga\desktop\05\win32api\win32api\win32_api\commonmacrofunction.h(49): error C4716: 'collision': 값을 반환해야 합니다.
c:\users\sga\desktop\05\win32api\win32api\win32_api\commonmacrofunction.h(49): error C4716: 'collision': 값을 반환해야 합니다.
c:\users\sga\desktop\05\win32api\win32api\win32_api\commonmacrofunction.h(49): error C4716: 'collision': 값을 반환해야 합니다.
c:\users\sga\desktop\05\win32api\win32api\win32_api\commonmacrofunction.h(49): error C4716: 'collision': 값을 반환해야 합니다.
c:\users\sga\desktop\05\win32api\win32api\win32_api\commonmacrofunction.h(49): error C4716: 'collision': 값을 반환해야 합니다.
c:\users\sga\desktop\05\win32api\win32api\win32_api\commonmacrofunction.h(49): error C4716: 'collision': 값을 반환해야 합니다.
c:\users\sga\desktop\05\win32api\win32api\win32_api\commonmacrofunction.h(49): error C4716: 'collision': 값을 반환해야 합니다.
c:\users\sga\desktop\05\win32api\win32api\win32_api\commonmacrofunction.h(49): error C4716: 'collision': 값을 반환해야 합니다.
c:\users\sga\desktop\05\win32api\win32api\win32_api\commonmacrofunction.h(49): error C4716: 'collision': 값을 반환해야 합니다.
c:\users\sga\desktop\05\win32api\win32api\win32_api\commonmacrofunction.h(49): error C4716: 'collision': 값을 반환해야 합니다.
c:\users\sga\desktop\05\win32api\win32api\win32_api\commonmacrofunction.h(49): error C4716: 'collision': 값을 반환해야 합니다.
c:\users\sga\desktop\05\win32api\win32api\win32_api\commonmacrofunction.h(49): error C4716: 'collision': 값을 반환해야 합니다.
c:\users\sga\desktop\05\win32api\win32api\win32_api\commonmacrofunction.h(49): error C4716: 'collision': 값을 반환해야 합니다.
c:\users\sga\desktop\05\win32api\win32api\win32_api\commonmacrofunction.h(49): error C4716: 'collision': 값을 반환해야 합니다.
c:\users\sga\desktop\05\win32api\win32api\win32_api\commonmacrofunction.h(49): error C4716: 'collision': 값을 반환해야 합니다.
c:\users\sga\desktop\05\win32api\win32api\win32_api\commonmacrofunction.h(49): error C4716: 'collision': 값을 반환해야 합니다.
c:\users\sga\desktop\05\win32api\win32api\win32_api\commonmacrofunction.h(49): error C4716: 'collision': 값을 반환해야 합니다.
c:\users\sga\desktop\05\win32api\win32api\win32_api\commonmacrofunction.h(49): error C4716: 'collision': 값을 반환해야 합니다.
c:\users\sga\desktop\05\win32api\win32api\win32_api\commonmacrofunction.h(49): error C4716: 'collision': 값을 반환해야 합니다.
c:\users\sga\desktop\05\win32api\win32api\win32_api\commonmacrofunction.h(49): error C4716: 'collision': 값을 반환해야 합니다.
  컴파일하고 있습니다...
  monster.cpp
c:\users\sga\desktop\05\win32api\win32api\win32_api\monster.cpp(223): warning C4554: '&': 연산자 우선 순위에 오류가 있는지 확인하세요. 괄호를 사용하여 우선 순위를 명확하게 지정하세요.
  p_Scene.cpp
c:\users\sga\desktop\05\win32api\win32api\win32_api\p_scene.cpp(15): warning C4244: '인수': 'float'에서 'int'(으)로 변환하면서 데이터가 손실될 수 있습니다.
c:\users\sga\desktop\05\win32api\win32api\win32_api\p_scene.cpp(16): warning C4244: '=': 'float'에서 'int'(으)로 변환하면서 데이터가 손실될 수 있습니다.
c:\users\sga\desktop\05\win32api\win32api\win32_api\p_scene.cpp(39): warning C4244: '인수': 'float'에서 'int'(으)로 변환하면서 데이터가 손실될 수 있습니다.
c:\users\sga\desktop\05\win32api\win32api\win32_api\p_scene.cpp(40): warning C4244: '=': 'float'에서 'int'(으)로 변환하면서 데이터가 손실될 수 있습니다.
c:\users\sga\desktop\05\win32api\win32api\win32_api\p_scene.cpp(46): warning C4244: '인수': 'float'에서 'int'(으)로 변환하면서 데이터가 손실될 수 있습니다.
c:\users\sga\desktop\05\win32api\win32api\win32_api\p_scene.cpp(53): warning C4554: '&': 연산자 우선 순위에 오류가 있는지 확인하세요. 괄호를 사용하여 우선 순위를 명확하게 지정하세요.
c:\users\sga\desktop\05\win32api\win32api\win32_api\p_scene.cpp(56): warning C4244: '=': 'int'에서 'float'(으)로 변환하면서 데이터가 손실될 수 있습니다.
  player.cpp
c:\users\sga\desktop\05\win32api\win32api\win32_api\player.cpp(350): warning C4554: '&': 연산자 우선 순위에 오류가 있는지 확인하세요. 괄호를 사용하여 우선 순위를 명확하게 지정하세요.
  popolScene.cpp
c:\users\sga\desktop\05\win32api\win32api\win32_api\popolscene.cpp(65): warning C4244: '-=': 'float'에서 'int'(으)로 변환하면서 데이터가 손실될 수 있습니다.
  progressBar.cpp
c:\users\sga\desktop\05\win32api\win32api\win32_api\progressbar.cpp(14): warning C4244: '=': 'int'에서 'float'(으)로 변환하면서 데이터가 손실될 수 있습니다.
c:\users\sga\desktop\05\win32api\win32api\win32_api\progressbar.cpp(15): warning C4244: '=': 'int'에서 'float'(으)로 변환하면서 데이터가 손실될 수 있습니다.
c:\users\sga\desktop\05\win32api\win32api\win32_api\progressbar.cpp(33): warning C4244: '인수': 'int'에서 'float'(으)로 변환하면서 데이터가 손실될 수 있습니다.
c:\users\sga\desktop\05\win32api\win32api\win32_api\progressbar.cpp(35): warning C4244: '인수': 'int'에서 'float'(으)로 변환하면서 데이터가 손실될 수 있습니다.
c:\users\sga\desktop\05\win32api\win32api\win32_api\progressbar.cpp(54): warning C4244: '인수': 'float'에서 'int'(으)로 변환하면서 데이터가 손실될 수 있습니다.
c:\users\sga\desktop\05\win32api\win32api\win32_api\progressbar.cpp(63): warning C4244: '=': 'int'에서 'float'(으)로 변환하면서 데이터가 손실될 수 있습니다.
  sceneManager.cpp
  soundManager.cpp
  udo_Scene.cpp
c:\users\sga\desktop\05\win32api\win32api\win32_api\udo_scene.cpp(11): warning C4244: '인수': 'float'에서 'int'(으)로 변환하면서 데이터가 손실될 수 있습니다.
c:\users\sga\desktop\05\win32api\win32api\win32_api\udo_scene.cpp(26): warning C4244: '인수': 'float'에서 'int'(으)로 변환하면서 데이터가 손실될 수 있습니다.
c:\users\sga\desktop\05\win32api\win32api\win32_api\udo_scene.cpp(62): warning C4244: '인수': 'float'에서 'int'(으)로 변환하면서 데이터가 손실될 수 있습니다.
c:\users\sga\desktop\05\win32api\win32api\win32_api\udo_scene.cpp(67): warning C4244: '인수': 'float'에서 'int'(으)로 변환하면서 데이터가 손실될 수 있습니다.
c:\users\sga\desktop\05\win32api\win32api\win32_api\udo_scene.cpp(85): warning C4244: '인수': 'float'에서 'int'(으)로 변환하면서 데이터가 손실될 수 있습니다.
c:\users\sga\desktop\05\win32api\win32api\win32_api\udo_scene.cpp(95): warning C4244: '초기화 중': 'float'에서 'int'(으)로 변환하면서 데이터가 손실될 수 있습니다.
c:\users\sga\desktop\05\win32api\win32api\win32_api\udo_scene.cpp(124): warning C4244: '인수': 'float'에서 'int'(으)로 변환하면서 데이터가 손실될 수 있습니다.
  코드를 생성하고 있습니다...
c:\users\sga\desktop\05\win32api\win32api\win32_api\commonmacrofunction.h(49): error C4716: 'collision': 값을 반환해야 합니다.
c:\users\sga\desktop\05\win32api\win32api\win32_api\commonmacrofunction.h(49): error C4716: 'collision': 값을 반환해야 합니다.
c:\users\sga\desktop\05\win32api\win32api\win32_api\commonmacrofunction.h(49): error C4716: 'collision': 값을 반환해야 합니다.
c:\users\sga\desktop\05\win32api\win32api\win32_api\scenemanager.cpp(52): warning C4715: 'sceneManager::addScene': 모든 제어 경로에서 값을 반환하지는 않습니다.
c:\users\sga\desktop\05\win32api\win32api\win32_api\scenemanager.cpp(66): warning C4715: 'sceneManager::changeScene': 모든 제어 경로에서 값을 반환하지는 않습니다.
c:\users\sga\desktop\05\win32api\win32api\win32_api\commonmacrofunction.h(49): error C4716: 'collision': 값을 반환해야 합니다.
c:\users\sga\desktop\05\win32api\win32api\win32_api\commonmacrofunction.h(49): error C4716: 'collision': 값을 반환해야 합니다.
c:\users\sga\desktop\05\win32api\win32api\win32_api\commonmacrofunction.h(49): error C4716: 'collision': 값을 반환해야 합니다.
c:\users\sga\desktop\05\win32api\win32api\win32_api\commonmacrofunction.h(49): error C4716: 'collision': 값을 반환해야 합니다.
c:\users\sga\desktop\05\win32api\win32api\win32_api\commonmacrofunction.h(49): error C4716: 'collision': 값을 반환해야 합니다.
