c:\users\kuris_window\desktop\popol\popol\win32api\win32api\win32_api\x64\debug\vc141.pdb
c:\users\kuris_window\desktop\popol\popol\win32api\win32api\win32_api\x64\debug\vc141.idb
c:\users\kuris_window\desktop\popol\popol\win32api\win32api\win32_api\x64\debug\scene_loadingscene.nativecodeanalysis.xml
c:\users\kuris_window\desktop\popol\popol\win32api\win32api\win32_api\x64\debug\scene_galaga.nativecodeanalysis.xml
c:\users\kuris_window\desktop\popol\popol\win32api\win32api\win32_api\x64\debug\scene_animation.nativecodeanalysis.xml
c:\users\kuris_window\desktop\popol\popol\win32api\win32api\win32_api\x64\debug\scene_alpharender.nativecodeanalysis.xml
c:\users\kuris_window\desktop\popol\popol\win32api\win32api\win32_api\x64\debug\scenemanager.nativecodeanalysis.xml
c:\users\kuris_window\desktop\popol\popol\win32api\win32api\win32_api\x64\debug\p_scene.nativecodeanalysis.xml
c:\users\kuris_window\desktop\popol\popol\win32api\win32api\win32_api\x64\debug\progressbar.nativecodeanalysis.xml
c:\users\kuris_window\desktop\popol\popol\win32api\win32api\win32_api\x64\debug\popolscene.nativecodeanalysis.xml
c:\users\kuris_window\desktop\popol\popol\win32api\win32api\win32_api\x64\debug\player.nativecodeanalysis.xml
c:\users\kuris_window\desktop\popol\popol\win32api\win32api\win32_api\x64\debug\monster.nativecodeanalysis.xml
c:\users\kuris_window\desktop\popol\popol\win32api\win32api\win32_api\x64\debug\maingame.nativecodeanalysis.xml
c:\users\kuris_window\desktop\popol\popol\win32api\win32api\win32_api\x64\debug\main.nativecodeanalysis.xml
c:\users\kuris_window\desktop\popol\popol\win32api\win32api\win32_api\x64\debug\loding.nativecodeanalysis.xml
c:\users\kuris_window\desktop\popol\popol\win32api\win32api\win32_api\x64\debug\keymanager.nativecodeanalysis.xml
c:\users\kuris_window\desktop\popol\popol\win32api\win32api\win32_api\x64\debug\item.nativecodeanalysis.xml
c:\users\kuris_window\desktop\popol\popol\win32api\win32api\win32_api\x64\debug\imagemanager.nativecodeanalysis.xml
c:\users\kuris_window\desktop\popol\popol\win32api\win32api\win32_api\x64\debug\image.nativecodeanalysis.xml
c:\users\kuris_window\desktop\popol\popol\win32api\win32api\win32_api\x64\debug\geometricutility.nativecodeanalysis.xml
c:\users\kuris_window\desktop\popol\popol\win32api\win32api\win32_api\x64\debug\gamenode.nativecodeanalysis.xml
c:\users\kuris_window\desktop\popol\popol\win32api\win32api\win32_api\x64\debug\collisionfucntion.nativecodeanalysis.xml
c:\users\kuris_window\desktop\popol\popol\win32api\win32api\win32_api\x64\debug\collisionfucntion.obj
c:\users\kuris_window\desktop\popol\popol\win32api\win32api\win32_api\x64\debug\gamenode.obj
c:\users\kuris_window\desktop\popol\popol\win32api\win32api\win32_api\x64\debug\geometricutility.obj
c:\users\kuris_window\desktop\popol\popol\win32api\win32api\win32_api\x64\debug\image.obj
c:\users\kuris_window\desktop\popol\popol\win32api\win32api\win32_api\x64\debug\imagemanager.obj
c:\users\kuris_window\desktop\popol\popol\win32api\win32api\win32_api\x64\debug\item.obj
c:\users\kuris_window\desktop\popol\popol\win32api\win32api\win32_api\x64\debug\keymanager.obj
c:\users\kuris_window\desktop\popol\popol\win32api\win32api\win32_api\x64\debug\loding.obj
c:\users\kuris_window\desktop\popol\popol\win32api\win32api\win32_api\x64\debug\main.obj
c:\users\kuris_window\desktop\popol\popol\win32api\win32api\win32_api\x64\debug\maingame.obj
c:\users\kuris_window\desktop\popol\popol\win32api\win32api\win32_api\x64\debug\monster.obj
c:\users\kuris_window\desktop\popol\popol\win32api\win32api\win32_api\x64\debug\player.obj
c:\users\kuris_window\desktop\popol\popol\win32api\win32api\win32_api\x64\debug\popolscene.obj
c:\users\kuris_window\desktop\popol\popol\win32api\win32api\win32_api\x64\debug\progressbar.obj
c:\users\kuris_window\desktop\popol\popol\win32api\win32api\win32_api\x64\debug\p_scene.obj
c:\users\kuris_window\desktop\popol\popol\win32api\win32api\win32_api\x64\debug\scenemanager.obj
c:\users\kuris_window\desktop\popol\popol\win32api\win32api\win32_api\x64\debug\scene_alpharender.obj
c:\users\kuris_window\desktop\popol\popol\win32api\win32api\win32_api\x64\debug\scene_animation.obj
c:\users\kuris_window\desktop\popol\popol\win32api\win32api\win32_api\x64\debug\scene_galaga.obj
c:\users\kuris_window\desktop\popol\popol\win32api\win32api\win32_api\x64\debug\scene_loadingscene.obj
c:\users\kuris_window\desktop\popol\popol\win32api\win32api\win32_api\x64\debug\udo_scene.nativecodeanalysis.xml
c:\users\kuris_window\desktop\popol\popol\win32api\win32api\win32_api\x64\debug\testproj.nativecodeanalysis.xml
c:\users\kuris_window\desktop\popol\popol\win32api\win32api\win32_api\x64\debug\stagemanager.nativecodeanalysis.xml
c:\users\kuris_window\desktop\popol\popol\win32api\win32api\win32_api\x64\debug\stage2.nativecodeanalysis.xml
c:\users\kuris_window\desktop\popol\popol\win32api\win32api\win32_api\x64\debug\soundmanager.nativecodeanalysis.xml
c:\users\kuris_window\desktop\popol\popol\win32api\win32api\win32_api\x64\debug\scene_shop.nativecodeanalysis.xml
c:\users\kuris_window\desktop\popol\popol\win32api\win32api\win32_api\x64\debug\scene_shootingbullet.nativecodeanalysis.xml
c:\users\kuris_window\desktop\popol\popol\win32api\win32api\win32_api\x64\debug\scene_looprender.nativecodeanalysis.xml
c:\users\kuris_window\desktop\popol\popol\win32api\win32api\win32_api\x64\debug\scene_looprender.obj
c:\users\kuris_window\desktop\popol\popol\win32api\win32api\win32_api\x64\debug\scene_shootingbullet.obj
c:\users\kuris_window\desktop\popol\popol\win32api\win32api\win32_api\x64\debug\scene_shop.obj
c:\users\kuris_window\desktop\popol\popol\win32api\win32api\win32_api\x64\debug\soundmanager.obj
c:\users\kuris_window\desktop\popol\popol\win32api\win32api\win32_api\x64\debug\stage2.obj
c:\users\kuris_window\desktop\popol\popol\win32api\win32api\win32_api\x64\debug\stagemanager.obj
c:\users\kuris_window\desktop\popol\popol\win32api\win32api\win32_api\x64\debug\testproj.obj
c:\users\kuris_window\desktop\popol\popol\win32api\win32api\win32_api\x64\debug\udo_scene.obj
c:\users\kuris_window\desktop\popol\popol\win32api\win32api\x64\debug\win32_api.ilk
c:\users\kuris_window\desktop\popol\popol\win32api\win32api\x64\debug\win32_api.exe
c:\users\kuris_window\desktop\popol\popol\win32api\win32api\x64\debug\win32_api.pdb
c:\users\kuris_window\desktop\popol\popol\win32api\win32api\win32_api\x64\debug\nativecodeanalysis.read.1.tlog
c:\users\kuris_window\desktop\popol\popol\win32api\win32api\win32_api\x64\debug\vc.nativecodeanalysis.all.xml
c:\users\kuris_window\desktop\popol\popol\win32api\win32api\win32_api\x64\debug\win32_api.tlog\cl.command.1.tlog
c:\users\kuris_window\desktop\popol\popol\win32api\win32api\win32_api\x64\debug\win32_api.tlog\cl.read.1.tlog
c:\users\kuris_window\desktop\popol\popol\win32api\win32api\win32_api\x64\debug\win32_api.tlog\cl.write.1.tlog
c:\users\kuris_window\desktop\popol\popol\win32api\win32api\win32_api\x64\debug\win32_api.tlog\link.command.1.tlog
c:\users\kuris_window\desktop\popol\popol\win32api\win32api\win32_api\x64\debug\win32_api.tlog\link.read.1.tlog
c:\users\kuris_window\desktop\popol\popol\win32api\win32api\win32_api\x64\debug\win32_api.tlog\link.write.1.tlog
